{"/home/tanya/MY_PROJECTS/rs-react-app-2025/src/api/apiClient.ts": {"path":"/home/tanya/MY_PROJECTS/rs-react-app-2025/src/api/apiClient.ts","all":false,"statementMap":{"24":{"start":{"line":25,"column":0},"end":{"line":25,"column":38}},"25":{"start":{"line":26,"column":0},"end":{"line":26,"column":19}},"26":{"start":{"line":27,"column":0},"end":{"line":27,"column":37}},"27":{"start":{"line":28,"column":0},"end":{"line":28,"column":39}},"28":{"start":{"line":29,"column":0},"end":{"line":29,"column":20}},"29":{"start":{"line":30,"column":0},"end":{"line":30,"column":32}},"30":{"start":{"line":31,"column":0},"end":{"line":31,"column":31}},"31":{"start":{"line":32,"column":0},"end":{"line":32,"column":3}},"32":{"start":{"line":33,"column":0},"end":{"line":33,"column":80}},"33":{"start":{"line":34,"column":0},"end":{"line":34,"column":36}},"35":{"start":{"line":36,"column":0},"end":{"line":36,"column":32}},"36":{"start":{"line":37,"column":0},"end":{"line":37,"column":12}},"37":{"start":{"line":38,"column":0},"end":{"line":38,"column":91}},"38":{"start":{"line":39,"column":0},"end":{"line":39,"column":17}},"39":{"start":{"line":40,"column":0},"end":{"line":40,"column":6}},"40":{"start":{"line":41,"column":0},"end":{"line":41,"column":3}},"42":{"start":{"line":43,"column":0},"end":{"line":43,"column":21}},"43":{"start":{"line":44,"column":0},"end":{"line":44,"column":12}},"44":{"start":{"line":45,"column":0},"end":{"line":45,"column":68}},"45":{"start":{"line":46,"column":0},"end":{"line":46,"column":17}},"46":{"start":{"line":47,"column":0},"end":{"line":47,"column":6}},"47":{"start":{"line":48,"column":0},"end":{"line":48,"column":3}},"49":{"start":{"line":50,"column":0},"end":{"line":50,"column":37}},"51":{"start":{"line":52,"column":0},"end":{"line":52,"column":18}},"52":{"start":{"line":53,"column":0},"end":{"line":53,"column":1}}},"s":{"24":3,"25":3,"26":3,"27":3,"28":3,"29":2,"30":2,"31":2,"32":3,"33":3,"35":3,"36":1,"37":1,"38":1,"39":1,"40":1,"42":3,"43":1,"44":1,"45":1,"46":1,"47":1,"49":1,"51":1,"52":1},"branchMap":{"0":{"type":"branch","line":25,"loc":{"start":{"line":25,"column":0},"end":{"line":53,"column":1}},"locations":[{"start":{"line":25,"column":0},"end":{"line":53,"column":1}}]},"1":{"type":"branch","line":29,"loc":{"start":{"line":29,"column":19},"end":{"line":32,"column":3}},"locations":[{"start":{"line":29,"column":19},"end":{"line":32,"column":3}}]},"2":{"type":"branch","line":36,"loc":{"start":{"line":36,"column":31},"end":{"line":41,"column":3}},"locations":[{"start":{"line":36,"column":31},"end":{"line":41,"column":3}}]},"3":{"type":"branch","line":41,"loc":{"start":{"line":41,"column":2},"end":{"line":43,"column":20}},"locations":[{"start":{"line":41,"column":2},"end":{"line":43,"column":20}}]},"4":{"type":"branch","line":43,"loc":{"start":{"line":43,"column":20},"end":{"line":53,"column":1}},"locations":[{"start":{"line":43,"column":20},"end":{"line":53,"column":1}}]}},"b":{"0":[3],"1":[2],"2":[1],"3":[2],"4":[1]},"fnMap":{"0":{"name":"fetchCharacters","decl":{"start":{"line":25,"column":0},"end":{"line":53,"column":1}},"loc":{"start":{"line":25,"column":0},"end":{"line":53,"column":1}},"line":25}},"f":{"0":3}}
,"/home/tanya/MY_PROJECTS/rs-react-app-2025/src/components/App.tsx": {"path":"/home/tanya/MY_PROJECTS/rs-react-app-2025/src/components/App.tsx","all":false,"statementMap":{"0":{"start":{"line":1,"column":0},"end":{"line":1,"column":26}},"1":{"start":{"line":2,"column":0},"end":{"line":2,"column":67}},"2":{"start":{"line":3,"column":0},"end":{"line":3,"column":30}},"3":{"start":{"line":4,"column":0},"end":{"line":4,"column":40}},"4":{"start":{"line":5,"column":0},"end":{"line":5,"column":32}},"5":{"start":{"line":6,"column":0},"end":{"line":6,"column":44}},"14":{"start":{"line":15,"column":0},"end":{"line":15,"column":22}},"15":{"start":{"line":16,"column":0},"end":{"line":16,"column":18}},"16":{"start":{"line":17,"column":0},"end":{"line":17,"column":17}},"17":{"start":{"line":18,"column":0},"end":{"line":18,"column":14}},"18":{"start":{"line":19,"column":0},"end":{"line":19,"column":17}},"19":{"start":{"line":20,"column":0},"end":{"line":20,"column":2}},"21":{"start":{"line":22,"column":0},"end":{"line":22,"column":68}},"22":{"start":{"line":23,"column":0},"end":{"line":23,"column":33}},"23":{"start":{"line":24,"column":0},"end":{"line":24,"column":23}},"24":{"start":{"line":25,"column":0},"end":{"line":25,"column":65}},"25":{"start":{"line":26,"column":0},"end":{"line":26,"column":54}},"26":{"start":{"line":27,"column":0},"end":{"line":27,"column":38}},"27":{"start":{"line":28,"column":0},"end":{"line":28,"column":7}},"28":{"start":{"line":29,"column":0},"end":{"line":29,"column":3}},"30":{"start":{"line":31,"column":0},"end":{"line":31,"column":51}},"31":{"start":{"line":32,"column":0},"end":{"line":32,"column":50}},"32":{"start":{"line":33,"column":0},"end":{"line":33,"column":70}},"34":{"start":{"line":35,"column":0},"end":{"line":35,"column":15}},"35":{"start":{"line":36,"column":0},"end":{"line":36,"column":21}},"36":{"start":{"line":37,"column":0},"end":{"line":37,"column":33}},"37":{"start":{"line":38,"column":0},"end":{"line":38,"column":23}},"38":{"start":{"line":39,"column":0},"end":{"line":39,"column":20}},"39":{"start":{"line":40,"column":0},"end":{"line":40,"column":9}},"40":{"start":{"line":41,"column":0},"end":{"line":41,"column":5}},"42":{"start":{"line":43,"column":0},"end":{"line":43,"column":16}},"43":{"start":{"line":44,"column":0},"end":{"line":44,"column":57}},"44":{"start":{"line":45,"column":0},"end":{"line":45,"column":21}},"45":{"start":{"line":46,"column":0},"end":{"line":46,"column":23}},"46":{"start":{"line":47,"column":0},"end":{"line":47,"column":14}},"47":{"start":{"line":48,"column":0},"end":{"line":48,"column":23}},"48":{"start":{"line":49,"column":0},"end":{"line":49,"column":9}},"49":{"start":{"line":50,"column":0},"end":{"line":50,"column":5}},"50":{"start":{"line":51,"column":0},"end":{"line":51,"column":4}},"52":{"start":{"line":53,"column":0},"end":{"line":53,"column":46}},"53":{"start":{"line":54,"column":0},"end":{"line":54,"column":58}},"54":{"start":{"line":55,"column":0},"end":{"line":55,"column":42}},"55":{"start":{"line":56,"column":0},"end":{"line":56,"column":7}},"56":{"start":{"line":57,"column":0},"end":{"line":57,"column":4}},"58":{"start":{"line":59,"column":0},"end":{"line":59,"column":12}},"59":{"start":{"line":60,"column":0},"end":{"line":60,"column":67}},"61":{"start":{"line":62,"column":0},"end":{"line":62,"column":12}},"62":{"start":{"line":63,"column":0},"end":{"line":63,"column":80}},"63":{"start":{"line":64,"column":0},"end":{"line":64,"column":56}},"64":{"start":{"line":65,"column":0},"end":{"line":65,"column":20}},"65":{"start":{"line":66,"column":0},"end":{"line":66,"column":79}},"66":{"start":{"line":67,"column":0},"end":{"line":67,"column":77}},"67":{"start":{"line":68,"column":0},"end":{"line":68,"column":25}},"68":{"start":{"line":69,"column":0},"end":{"line":69,"column":14}},"69":{"start":{"line":70,"column":0},"end":{"line":70,"column":12}},"71":{"start":{"line":72,"column":0},"end":{"line":72,"column":3}},"72":{"start":{"line":73,"column":0},"end":{"line":73,"column":1}}},"s":{"0":1,"1":1,"2":1,"3":1,"4":1,"5":1,"14":1,"15":1,"16":1,"17":1,"18":1,"19":1,"21":1,"22":6,"23":6,"24":6,"25":6,"26":6,"27":6,"28":6,"30":6,"31":8,"32":8,"34":8,"35":7,"36":7,"37":7,"38":7,"39":7,"40":7,"42":8,"43":1,"44":1,"45":1,"46":1,"47":1,"48":1,"49":1,"50":8,"52":6,"53":2,"54":2,"55":2,"56":2,"58":6,"59":30,"61":30,"62":30,"63":30,"64":30,"65":30,"66":30,"67":30,"68":30,"69":30,"71":30,"72":6},"branchMap":{"0":{"type":"branch","line":22,"loc":{"start":{"line":22,"column":67},"end":{"line":73,"column":1}},"locations":[{"start":{"line":22,"column":67},"end":{"line":73,"column":1}}]},"1":{"type":"branch","line":24,"loc":{"start":{"line":24,"column":2},"end":{"line":29,"column":3}},"locations":[{"start":{"line":24,"column":2},"end":{"line":29,"column":3}}]},"2":{"type":"branch","line":25,"loc":{"start":{"line":25,"column":57},"end":{"line":25,"column":65}},"locations":[{"start":{"line":25,"column":57},"end":{"line":25,"column":65}}]},"3":{"type":"branch","line":26,"loc":{"start":{"line":26,"column":47},"end":{"line":28,"column":5}},"locations":[{"start":{"line":26,"column":47},"end":{"line":28,"column":5}}]},"4":{"type":"branch","line":31,"loc":{"start":{"line":31,"column":19},"end":{"line":51,"column":4}},"locations":[{"start":{"line":31,"column":19},"end":{"line":51,"column":4}}]},"5":{"type":"branch","line":35,"loc":{"start":{"line":35,"column":14},"end":{"line":41,"column":5}},"locations":[{"start":{"line":35,"column":14},"end":{"line":41,"column":5}}]},"6":{"type":"branch","line":43,"loc":{"start":{"line":43,"column":15},"end":{"line":50,"column":5}},"locations":[{"start":{"line":43,"column":15},"end":{"line":50,"column":5}}]},"7":{"type":"branch","line":53,"loc":{"start":{"line":53,"column":17},"end":{"line":57,"column":4}},"locations":[{"start":{"line":53,"column":17},"end":{"line":57,"column":4}}]},"8":{"type":"branch","line":54,"loc":{"start":{"line":54,"column":51},"end":{"line":56,"column":5}},"locations":[{"start":{"line":54,"column":51},"end":{"line":56,"column":5}}]},"9":{"type":"branch","line":59,"loc":{"start":{"line":59,"column":2},"end":{"line":72,"column":3}},"locations":[{"start":{"line":59,"column":2},"end":{"line":72,"column":3}}]}},"b":{"0":[6],"1":[6],"2":[5],"3":[6],"4":[8],"5":[7],"6":[1],"7":[2],"8":[2],"9":[30]},"fnMap":{"0":{"name":"<instance_members_initializer>","decl":{"start":{"line":22,"column":67},"end":{"line":73,"column":1}},"loc":{"start":{"line":22,"column":67},"end":{"line":73,"column":1}},"line":22},"1":{"name":"componentDidMount","decl":{"start":{"line":24,"column":2},"end":{"line":29,"column":3}},"loc":{"start":{"line":24,"column":2},"end":{"line":29,"column":3}},"line":24},"2":{"name":"loadCharacters","decl":{"start":{"line":31,"column":19},"end":{"line":51,"column":4}},"loc":{"start":{"line":31,"column":19},"end":{"line":51,"column":4}},"line":31},"3":{"name":"handleSearch","decl":{"start":{"line":53,"column":17},"end":{"line":57,"column":4}},"loc":{"start":{"line":53,"column":17},"end":{"line":57,"column":4}},"line":53},"4":{"name":"render","decl":{"start":{"line":59,"column":2},"end":{"line":72,"column":3}},"loc":{"start":{"line":59,"column":2},"end":{"line":72,"column":3}},"line":59}},"f":{"0":6,"1":6,"2":8,"3":2,"4":30}}
,"/home/tanya/MY_PROJECTS/rs-react-app-2025/src/components/Card.tsx": {"path":"/home/tanya/MY_PROJECTS/rs-react-app-2025/src/components/Card.tsx","all":false,"statementMap":{"0":{"start":{"line":1,"column":0},"end":{"line":1,"column":26}},"7":{"start":{"line":8,"column":0},"end":{"line":8,"column":62}},"8":{"start":{"line":9,"column":0},"end":{"line":9,"column":12}},"9":{"start":{"line":10,"column":0},"end":{"line":10,"column":37}},"10":{"start":{"line":11,"column":0},"end":{"line":11,"column":50}},"11":{"start":{"line":12,"column":0},"end":{"line":12,"column":59}},"12":{"start":{"line":13,"column":0},"end":{"line":13,"column":56}},"13":{"start":{"line":14,"column":0},"end":{"line":14,"column":72}},"15":{"start":{"line":16,"column":0},"end":{"line":16,"column":12}},"16":{"start":{"line":17,"column":0},"end":{"line":17,"column":10}},"17":{"start":{"line":18,"column":0},"end":{"line":18,"column":71}},"18":{"start":{"line":19,"column":0},"end":{"line":19,"column":36}},"20":{"start":{"line":21,"column":0},"end":{"line":21,"column":68}},"21":{"start":{"line":22,"column":0},"end":{"line":22,"column":63}},"22":{"start":{"line":23,"column":0},"end":{"line":23,"column":55}},"23":{"start":{"line":24,"column":0},"end":{"line":24,"column":39}},"24":{"start":{"line":25,"column":0},"end":{"line":25,"column":32}},"25":{"start":{"line":26,"column":0},"end":{"line":26,"column":14}},"27":{"start":{"line":28,"column":0},"end":{"line":28,"column":14}},"28":{"start":{"line":29,"column":0},"end":{"line":29,"column":12}},"30":{"start":{"line":31,"column":0},"end":{"line":31,"column":3}},"31":{"start":{"line":32,"column":0},"end":{"line":32,"column":1}}},"s":{"0":1,"7":1,"8":1,"9":16,"10":16,"11":16,"12":16,"13":16,"15":16,"16":16,"17":16,"18":16,"20":16,"21":16,"22":16,"23":16,"24":16,"25":16,"27":16,"28":16,"30":16,"31":1},"branchMap":{"0":{"type":"branch","line":9,"loc":{"start":{"line":9,"column":2},"end":{"line":31,"column":3}},"locations":[{"start":{"line":9,"column":2},"end":{"line":31,"column":3}}]},"1":{"type":"branch","line":11,"loc":{"start":{"line":11,"column":27},"end":{"line":11,"column":50}},"locations":[{"start":{"line":11,"column":27},"end":{"line":11,"column":50}}]},"2":{"type":"branch","line":12,"loc":{"start":{"line":12,"column":30},"end":{"line":12,"column":59}},"locations":[{"start":{"line":12,"column":30},"end":{"line":12,"column":59}}]},"3":{"type":"branch","line":13,"loc":{"start":{"line":13,"column":29},"end":{"line":13,"column":56}},"locations":[{"start":{"line":13,"column":29},"end":{"line":13,"column":56}}]},"4":{"type":"branch","line":14,"loc":{"start":{"line":14,"column":28},"end":{"line":14,"column":72}},"locations":[{"start":{"line":14,"column":28},"end":{"line":14,"column":72}}]}},"b":{"0":[16],"1":[1],"2":[1],"3":[1],"4":[1]},"fnMap":{"0":{"name":"render","decl":{"start":{"line":9,"column":2},"end":{"line":31,"column":3}},"loc":{"start":{"line":9,"column":2},"end":{"line":31,"column":3}},"line":9}},"f":{"0":16}}
,"/home/tanya/MY_PROJECTS/rs-react-app-2025/src/components/CardList.tsx": {"path":"/home/tanya/MY_PROJECTS/rs-react-app-2025/src/components/CardList.tsx","all":false,"statementMap":{"0":{"start":{"line":1,"column":0},"end":{"line":1,"column":26}},"2":{"start":{"line":3,"column":0},"end":{"line":3,"column":26}},"8":{"start":{"line":9,"column":0},"end":{"line":9,"column":70}},"9":{"start":{"line":10,"column":0},"end":{"line":10,"column":12}},"10":{"start":{"line":11,"column":0},"end":{"line":11,"column":38}},"12":{"start":{"line":13,"column":0},"end":{"line":13,"column":12}},"13":{"start":{"line":14,"column":0},"end":{"line":14,"column":10}},"14":{"start":{"line":15,"column":0},"end":{"line":15,"column":57}},"15":{"start":{"line":16,"column":0},"end":{"line":16,"column":28}},"17":{"start":{"line":18,"column":0},"end":{"line":18,"column":40}},"18":{"start":{"line":19,"column":0},"end":{"line":19,"column":59}},"19":{"start":{"line":20,"column":0},"end":{"line":20,"column":11}},"20":{"start":{"line":21,"column":0},"end":{"line":21,"column":12}},"22":{"start":{"line":23,"column":0},"end":{"line":23,"column":3}},"23":{"start":{"line":24,"column":0},"end":{"line":24,"column":1}}},"s":{"0":1,"2":1,"8":1,"9":1,"10":10,"12":10,"13":10,"14":10,"15":10,"17":10,"18":14,"19":10,"20":10,"22":10,"23":1},"branchMap":{"0":{"type":"branch","line":10,"loc":{"start":{"line":10,"column":2},"end":{"line":23,"column":3}},"locations":[{"start":{"line":10,"column":2},"end":{"line":23,"column":3}}]},"1":{"type":"branch","line":18,"loc":{"start":{"line":18,"column":24},"end":{"line":19,"column":59}},"locations":[{"start":{"line":18,"column":24},"end":{"line":19,"column":59}}]}},"b":{"0":[10],"1":[14]},"fnMap":{"0":{"name":"render","decl":{"start":{"line":10,"column":2},"end":{"line":23,"column":3}},"loc":{"start":{"line":10,"column":2},"end":{"line":23,"column":3}},"line":10}},"f":{"0":10}}
,"/home/tanya/MY_PROJECTS/rs-react-app-2025/src/components/ErrorBoundary.tsx": {"path":"/home/tanya/MY_PROJECTS/rs-react-app-2025/src/components/ErrorBoundary.tsx","all":false,"statementMap":{"0":{"start":{"line":1,"column":0},"end":{"line":1,"column":26}},"11":{"start":{"line":12,"column":0},"end":{"line":12,"column":59}},"14":{"start":{"line":15,"column":0},"end":{"line":15,"column":3}},"15":{"start":{"line":16,"column":0},"end":{"line":16,"column":42}},"16":{"start":{"line":17,"column":0},"end":{"line":17,"column":17}},"17":{"start":{"line":18,"column":0},"end":{"line":18,"column":37}},"18":{"start":{"line":19,"column":0},"end":{"line":19,"column":3}},"20":{"start":{"line":21,"column":0},"end":{"line":21,"column":49}},"21":{"start":{"line":22,"column":0},"end":{"line":22,"column":37}},"22":{"start":{"line":23,"column":0},"end":{"line":23,"column":3}},"24":{"start":{"line":25,"column":0},"end":{"line":25,"column":63}},"25":{"start":{"line":26,"column":0},"end":{"line":26,"column":70}},"26":{"start":{"line":27,"column":0},"end":{"line":27,"column":3}},"28":{"start":{"line":29,"column":0},"end":{"line":29,"column":24}},"29":{"start":{"line":30,"column":0},"end":{"line":30,"column":57}},"30":{"start":{"line":31,"column":0},"end":{"line":31,"column":4}},"32":{"start":{"line":33,"column":0},"end":{"line":33,"column":12}},"33":{"start":{"line":34,"column":0},"end":{"line":34,"column":30}},"34":{"start":{"line":35,"column":0},"end":{"line":35,"column":14}},"35":{"start":{"line":36,"column":0},"end":{"line":36,"column":64}},"36":{"start":{"line":37,"column":0},"end":{"line":37,"column":76}},"37":{"start":{"line":38,"column":0},"end":{"line":38,"column":75}},"38":{"start":{"line":39,"column":0},"end":{"line":39,"column":17}},"39":{"start":{"line":40,"column":0},"end":{"line":40,"column":39}},"40":{"start":{"line":41,"column":0},"end":{"line":41,"column":82}},"41":{"start":{"line":42,"column":0},"end":{"line":42,"column":42}},"42":{"start":{"line":43,"column":0},"end":{"line":43,"column":11}},"44":{"start":{"line":45,"column":0},"end":{"line":45,"column":19}},"45":{"start":{"line":46,"column":0},"end":{"line":46,"column":14}},"47":{"start":{"line":48,"column":0},"end":{"line":48,"column":5}},"49":{"start":{"line":50,"column":0},"end":{"line":50,"column":31}},"50":{"start":{"line":51,"column":0},"end":{"line":51,"column":3}},"51":{"start":{"line":52,"column":0},"end":{"line":52,"column":1}}},"s":{"0":1,"11":1,"14":1,"15":11,"16":12,"17":12,"18":12,"20":11,"21":6,"22":6,"24":11,"25":3,"26":3,"28":11,"29":1,"30":1,"32":11,"33":18,"34":6,"35":6,"36":6,"37":6,"38":6,"39":6,"40":6,"41":6,"42":6,"44":6,"45":6,"47":6,"49":12,"50":18,"51":11},"branchMap":{"0":{"type":"branch","line":15,"loc":{"start":{"line":15,"column":2},"end":{"line":52,"column":1}},"locations":[{"start":{"line":15,"column":2},"end":{"line":52,"column":1}}]},"1":{"type":"branch","line":16,"loc":{"start":{"line":16,"column":2},"end":{"line":19,"column":3}},"locations":[{"start":{"line":16,"column":2},"end":{"line":19,"column":3}}]},"2":{"type":"branch","line":21,"loc":{"start":{"line":21,"column":9},"end":{"line":23,"column":3}},"locations":[{"start":{"line":21,"column":9},"end":{"line":23,"column":3}}]},"3":{"type":"branch","line":25,"loc":{"start":{"line":25,"column":2},"end":{"line":27,"column":3}},"locations":[{"start":{"line":25,"column":2},"end":{"line":27,"column":3}}]},"4":{"type":"branch","line":29,"loc":{"start":{"line":29,"column":17},"end":{"line":31,"column":4}},"locations":[{"start":{"line":29,"column":17},"end":{"line":31,"column":4}}]},"5":{"type":"branch","line":33,"loc":{"start":{"line":33,"column":2},"end":{"line":51,"column":3}},"locations":[{"start":{"line":33,"column":2},"end":{"line":51,"column":3}}]},"6":{"type":"branch","line":34,"loc":{"start":{"line":34,"column":29},"end":{"line":50,"column":31}},"locations":[{"start":{"line":34,"column":29},"end":{"line":50,"column":31}}]},"7":{"type":"branch","line":34,"loc":{"start":{"line":34,"column":29},"end":{"line":48,"column":5}},"locations":[{"start":{"line":34,"column":29},"end":{"line":48,"column":5}}]}},"b":{"0":[11],"1":[12],"2":[6],"3":[3],"4":[1],"5":[18],"6":[12],"7":[6]},"fnMap":{"0":{"name":"<instance_members_initializer>","decl":{"start":{"line":15,"column":2},"end":{"line":52,"column":1}},"loc":{"start":{"line":15,"column":2},"end":{"line":52,"column":1}},"line":15},"1":{"name":"ErrorBoundary","decl":{"start":{"line":16,"column":2},"end":{"line":19,"column":3}},"loc":{"start":{"line":16,"column":2},"end":{"line":19,"column":3}},"line":16},"2":{"name":"getDerivedStateFromError","decl":{"start":{"line":21,"column":9},"end":{"line":23,"column":3}},"loc":{"start":{"line":21,"column":9},"end":{"line":23,"column":3}},"line":21},"3":{"name":"componentDidCatch","decl":{"start":{"line":25,"column":2},"end":{"line":27,"column":3}},"loc":{"start":{"line":25,"column":2},"end":{"line":27,"column":3}},"line":25},"4":{"name":"handleReload","decl":{"start":{"line":29,"column":17},"end":{"line":31,"column":4}},"loc":{"start":{"line":29,"column":17},"end":{"line":31,"column":4}},"line":29},"5":{"name":"render","decl":{"start":{"line":33,"column":2},"end":{"line":51,"column":3}},"loc":{"start":{"line":33,"column":2},"end":{"line":51,"column":3}},"line":33}},"f":{"0":11,"1":12,"2":6,"3":3,"4":1,"5":18}}
,"/home/tanya/MY_PROJECTS/rs-react-app-2025/src/components/ErrorButton.tsx": {"path":"/home/tanya/MY_PROJECTS/rs-react-app-2025/src/components/ErrorButton.tsx","all":false,"statementMap":{"0":{"start":{"line":1,"column":0},"end":{"line":1,"column":26}},"6":{"start":{"line":7,"column":0},"end":{"line":7,"column":57}},"9":{"start":{"line":10,"column":0},"end":{"line":10,"column":3}},"10":{"start":{"line":11,"column":0},"end":{"line":11,"column":30}},"12":{"start":{"line":13,"column":0},"end":{"line":13,"column":24}},"13":{"start":{"line":14,"column":0},"end":{"line":14,"column":38}},"14":{"start":{"line":15,"column":0},"end":{"line":15,"column":4}},"16":{"start":{"line":17,"column":0},"end":{"line":17,"column":12}},"17":{"start":{"line":18,"column":0},"end":{"line":18,"column":30}},"18":{"start":{"line":19,"column":0},"end":{"line":19,"column":54}},"19":{"start":{"line":20,"column":0},"end":{"line":20,"column":5}},"21":{"start":{"line":22,"column":0},"end":{"line":22,"column":12}},"22":{"start":{"line":23,"column":0},"end":{"line":23,"column":13}},"23":{"start":{"line":24,"column":0},"end":{"line":24,"column":35}},"24":{"start":{"line":25,"column":0},"end":{"line":25,"column":81}},"25":{"start":{"line":26,"column":0},"end":{"line":26,"column":42}},"26":{"start":{"line":27,"column":0},"end":{"line":27,"column":7}},"28":{"start":{"line":29,"column":0},"end":{"line":29,"column":15}},"30":{"start":{"line":31,"column":0},"end":{"line":31,"column":3}},"31":{"start":{"line":32,"column":0},"end":{"line":32,"column":1}}},"s":{"0":1,"6":1,"9":1,"10":8,"12":8,"13":1,"14":1,"16":8,"17":34,"18":2,"19":2,"21":32,"22":32,"23":32,"24":32,"25":32,"26":32,"28":32,"30":34,"31":8},"branchMap":{"0":{"type":"branch","line":10,"loc":{"start":{"line":10,"column":2},"end":{"line":32,"column":1}},"locations":[{"start":{"line":10,"column":2},"end":{"line":32,"column":1}}]},"1":{"type":"branch","line":13,"loc":{"start":{"line":13,"column":17},"end":{"line":15,"column":4}},"locations":[{"start":{"line":13,"column":17},"end":{"line":15,"column":4}}]},"2":{"type":"branch","line":17,"loc":{"start":{"line":17,"column":2},"end":{"line":31,"column":3}},"locations":[{"start":{"line":17,"column":2},"end":{"line":31,"column":3}}]},"3":{"type":"branch","line":18,"loc":{"start":{"line":18,"column":29},"end":{"line":29,"column":15}},"locations":[{"start":{"line":18,"column":29},"end":{"line":29,"column":15}}]},"4":{"type":"branch","line":18,"loc":{"start":{"line":18,"column":29},"end":{"line":20,"column":5}},"locations":[{"start":{"line":18,"column":29},"end":{"line":20,"column":5}}]}},"b":{"0":[8],"1":[1],"2":[34],"3":[32],"4":[2]},"fnMap":{"0":{"name":"<instance_members_initializer>","decl":{"start":{"line":10,"column":2},"end":{"line":32,"column":1}},"loc":{"start":{"line":10,"column":2},"end":{"line":32,"column":1}},"line":10},"1":{"name":"triggerError","decl":{"start":{"line":13,"column":17},"end":{"line":15,"column":4}},"loc":{"start":{"line":13,"column":17},"end":{"line":15,"column":4}},"line":13},"2":{"name":"render","decl":{"start":{"line":17,"column":2},"end":{"line":31,"column":3}},"loc":{"start":{"line":17,"column":2},"end":{"line":31,"column":3}},"line":17}},"f":{"0":8,"1":1,"2":34}}
,"/home/tanya/MY_PROJECTS/rs-react-app-2025/src/components/Header.tsx": {"path":"/home/tanya/MY_PROJECTS/rs-react-app-2025/src/components/Header.tsx","all":false,"statementMap":{"0":{"start":{"line":1,"column":0},"end":{"line":1,"column":26}},"2":{"start":{"line":3,"column":0},"end":{"line":3,"column":53}},"3":{"start":{"line":4,"column":0},"end":{"line":4,"column":12}},"4":{"start":{"line":5,"column":0},"end":{"line":5,"column":12}},"5":{"start":{"line":6,"column":0},"end":{"line":6,"column":13}},"6":{"start":{"line":7,"column":0},"end":{"line":7,"column":74}},"7":{"start":{"line":8,"column":0},"end":{"line":8,"column":28}},"9":{"start":{"line":10,"column":0},"end":{"line":10,"column":71}},"10":{"start":{"line":11,"column":0},"end":{"line":11,"column":15}},"12":{"start":{"line":13,"column":0},"end":{"line":13,"column":3}},"13":{"start":{"line":14,"column":0},"end":{"line":14,"column":1}}},"s":{"0":1,"2":1,"3":1,"4":32,"5":32,"6":32,"7":32,"9":32,"10":32,"12":32,"13":1},"branchMap":{"0":{"type":"branch","line":4,"loc":{"start":{"line":4,"column":2},"end":{"line":13,"column":3}},"locations":[{"start":{"line":4,"column":2},"end":{"line":13,"column":3}}]}},"b":{"0":[32]},"fnMap":{"0":{"name":"render","decl":{"start":{"line":4,"column":2},"end":{"line":13,"column":3}},"loc":{"start":{"line":4,"column":2},"end":{"line":13,"column":3}},"line":4}},"f":{"0":32}}
,"/home/tanya/MY_PROJECTS/rs-react-app-2025/src/components/Results.tsx": {"path":"/home/tanya/MY_PROJECTS/rs-react-app-2025/src/components/Results.tsx","all":false,"statementMap":{"0":{"start":{"line":1,"column":0},"end":{"line":1,"column":26}},"2":{"start":{"line":3,"column":0},"end":{"line":3,"column":34}},"3":{"start":{"line":4,"column":0},"end":{"line":4,"column":36}},"11":{"start":{"line":12,"column":0},"end":{"line":12,"column":68}},"12":{"start":{"line":13,"column":0},"end":{"line":13,"column":12}},"13":{"start":{"line":14,"column":0},"end":{"line":14,"column":54}},"15":{"start":{"line":16,"column":0},"end":{"line":16,"column":12}},"16":{"start":{"line":17,"column":0},"end":{"line":17,"column":65}},"17":{"start":{"line":18,"column":0},"end":{"line":18,"column":63}},"19":{"start":{"line":20,"column":0},"end":{"line":20,"column":32}},"21":{"start":{"line":22,"column":0},"end":{"line":22,"column":19}},"22":{"start":{"line":23,"column":0},"end":{"line":23,"column":14}},"23":{"start":{"line":24,"column":0},"end":{"line":24,"column":64}},"24":{"start":{"line":25,"column":0},"end":{"line":25,"column":39}},"25":{"start":{"line":26,"column":0},"end":{"line":26,"column":11}},"26":{"start":{"line":27,"column":0},"end":{"line":27,"column":26}},"27":{"start":{"line":28,"column":0},"end":{"line":28,"column":16}},"30":{"start":{"line":31,"column":0},"end":{"line":31,"column":59}},"31":{"start":{"line":32,"column":0},"end":{"line":32,"column":58}},"34":{"start":{"line":35,"column":0},"end":{"line":35,"column":57}},"35":{"start":{"line":36,"column":0},"end":{"line":36,"column":46}},"37":{"start":{"line":38,"column":0},"end":{"line":38,"column":12}},"39":{"start":{"line":40,"column":0},"end":{"line":40,"column":3}},"40":{"start":{"line":41,"column":0},"end":{"line":41,"column":1}}},"s":{"0":1,"2":1,"3":1,"11":1,"12":1,"13":35,"15":35,"16":35,"17":35,"19":35,"21":35,"22":2,"23":2,"24":2,"25":2,"26":2,"27":2,"30":35,"31":14,"34":35,"35":10,"37":35,"39":35,"40":1},"branchMap":{"0":{"type":"branch","line":13,"loc":{"start":{"line":13,"column":2},"end":{"line":40,"column":3}},"locations":[{"start":{"line":13,"column":2},"end":{"line":40,"column":3}}]},"1":{"type":"branch","line":20,"loc":{"start":{"line":20,"column":9},"end":{"line":20,"column":32}},"locations":[{"start":{"line":20,"column":9},"end":{"line":20,"column":32}}]},"2":{"type":"branch","line":22,"loc":{"start":{"line":22,"column":9},"end":{"line":28,"column":16}},"locations":[{"start":{"line":22,"column":9},"end":{"line":28,"column":16}}]},"3":{"type":"branch","line":31,"loc":{"start":{"line":31,"column":10},"end":{"line":31,"column":31}},"locations":[{"start":{"line":31,"column":10},"end":{"line":31,"column":31}}]},"4":{"type":"branch","line":31,"loc":{"start":{"line":31,"column":22},"end":{"line":31,"column":59}},"locations":[{"start":{"line":31,"column":22},"end":{"line":31,"column":59}}]},"5":{"type":"branch","line":31,"loc":{"start":{"line":31,"column":53},"end":{"line":32,"column":58}},"locations":[{"start":{"line":31,"column":53},"end":{"line":32,"column":58}}]},"6":{"type":"branch","line":35,"loc":{"start":{"line":35,"column":10},"end":{"line":35,"column":31}},"locations":[{"start":{"line":35,"column":10},"end":{"line":35,"column":31}}]},"7":{"type":"branch","line":35,"loc":{"start":{"line":35,"column":22},"end":{"line":35,"column":57}},"locations":[{"start":{"line":35,"column":22},"end":{"line":35,"column":57}}]},"8":{"type":"branch","line":35,"loc":{"start":{"line":35,"column":51},"end":{"line":36,"column":46}},"locations":[{"start":{"line":35,"column":51},"end":{"line":36,"column":46}}]}},"b":{"0":[35],"1":[9],"2":[2],"3":[26],"4":[24],"5":[14],"6":[26],"7":[24],"8":[10]},"fnMap":{"0":{"name":"render","decl":{"start":{"line":13,"column":2},"end":{"line":40,"column":3}},"loc":{"start":{"line":13,"column":2},"end":{"line":40,"column":3}},"line":13}},"f":{"0":35}}
,"/home/tanya/MY_PROJECTS/rs-react-app-2025/src/components/SearchBar.tsx": {"path":"/home/tanya/MY_PROJECTS/rs-react-app-2025/src/components/SearchBar.tsx","all":false,"statementMap":{"0":{"start":{"line":1,"column":0},"end":{"line":1,"column":26}},"11":{"start":{"line":12,"column":0},"end":{"line":12,"column":55}},"14":{"start":{"line":15,"column":0},"end":{"line":15,"column":3}},"15":{"start":{"line":16,"column":0},"end":{"line":16,"column":24}},"16":{"start":{"line":17,"column":0},"end":{"line":17,"column":41}},"17":{"start":{"line":18,"column":0},"end":{"line":18,"column":4}},"19":{"start":{"line":20,"column":0},"end":{"line":20,"column":46}},"20":{"start":{"line":21,"column":0},"end":{"line":21,"column":61}},"21":{"start":{"line":22,"column":0},"end":{"line":22,"column":56}},"22":{"start":{"line":23,"column":0},"end":{"line":23,"column":5}},"23":{"start":{"line":24,"column":0},"end":{"line":24,"column":3}},"24":{"start":{"line":25,"column":0},"end":{"line":25,"column":66}},"25":{"start":{"line":26,"column":0},"end":{"line":26,"column":49}},"26":{"start":{"line":27,"column":0},"end":{"line":27,"column":4}},"28":{"start":{"line":29,"column":0},"end":{"line":29,"column":24}},"29":{"start":{"line":30,"column":0},"end":{"line":30,"column":44}},"30":{"start":{"line":31,"column":0},"end":{"line":31,"column":49}},"31":{"start":{"line":32,"column":0},"end":{"line":32,"column":33}},"32":{"start":{"line":33,"column":0},"end":{"line":33,"column":4}},"34":{"start":{"line":35,"column":0},"end":{"line":35,"column":12}},"35":{"start":{"line":36,"column":0},"end":{"line":36,"column":12}},"36":{"start":{"line":37,"column":0},"end":{"line":37,"column":51}},"37":{"start":{"line":38,"column":0},"end":{"line":38,"column":68}},"38":{"start":{"line":39,"column":0},"end":{"line":39,"column":16}},"39":{"start":{"line":40,"column":0},"end":{"line":40,"column":23}},"40":{"start":{"line":41,"column":0},"end":{"line":41,"column":36}},"41":{"start":{"line":42,"column":0},"end":{"line":42,"column":40}},"42":{"start":{"line":43,"column":0},"end":{"line":43,"column":55}},"43":{"start":{"line":44,"column":0},"end":{"line":44,"column":38}},"44":{"start":{"line":45,"column":0},"end":{"line":45,"column":54}},"45":{"start":{"line":46,"column":0},"end":{"line":46,"column":12}},"46":{"start":{"line":47,"column":0},"end":{"line":47,"column":17}},"47":{"start":{"line":48,"column":0},"end":{"line":48,"column":39}},"48":{"start":{"line":49,"column":0},"end":{"line":49,"column":39}},"49":{"start":{"line":50,"column":0},"end":{"line":50,"column":82}},"50":{"start":{"line":51,"column":0},"end":{"line":51,"column":11}},"52":{"start":{"line":53,"column":0},"end":{"line":53,"column":19}},"53":{"start":{"line":54,"column":0},"end":{"line":54,"column":14}},"54":{"start":{"line":55,"column":0},"end":{"line":55,"column":12}},"56":{"start":{"line":57,"column":0},"end":{"line":57,"column":3}},"57":{"start":{"line":58,"column":0},"end":{"line":58,"column":1}}},"s":{"0":1,"11":1,"14":1,"15":12,"16":12,"17":12,"19":12,"20":47,"21":3,"22":3,"23":47,"24":12,"25":23,"26":23,"28":12,"29":5,"30":5,"31":5,"32":5,"34":12,"35":59,"36":59,"37":59,"38":59,"39":59,"40":59,"41":59,"42":59,"43":59,"44":59,"45":59,"46":59,"47":59,"48":59,"49":59,"50":59,"52":59,"53":59,"54":59,"56":59,"57":12},"branchMap":{"0":{"type":"branch","line":15,"loc":{"start":{"line":15,"column":2},"end":{"line":58,"column":1}},"locations":[{"start":{"line":15,"column":2},"end":{"line":58,"column":1}}]},"1":{"type":"branch","line":17,"loc":{"start":{"line":17,"column":22},"end":{"line":17,"column":41}},"locations":[{"start":{"line":17,"column":22},"end":{"line":17,"column":41}}]},"2":{"type":"branch","line":20,"loc":{"start":{"line":20,"column":2},"end":{"line":24,"column":3}},"locations":[{"start":{"line":20,"column":2},"end":{"line":24,"column":3}}]},"3":{"type":"branch","line":21,"loc":{"start":{"line":21,"column":60},"end":{"line":23,"column":5}},"locations":[{"start":{"line":21,"column":60},"end":{"line":23,"column":5}}]},"4":{"type":"branch","line":25,"loc":{"start":{"line":25,"column":17},"end":{"line":27,"column":4}},"locations":[{"start":{"line":25,"column":17},"end":{"line":27,"column":4}}]},"5":{"type":"branch","line":29,"loc":{"start":{"line":29,"column":17},"end":{"line":33,"column":4}},"locations":[{"start":{"line":29,"column":17},"end":{"line":33,"column":4}}]},"6":{"type":"branch","line":35,"loc":{"start":{"line":35,"column":2},"end":{"line":57,"column":3}},"locations":[{"start":{"line":35,"column":2},"end":{"line":57,"column":3}}]}},"b":{"0":[12],"1":[8],"2":[47],"3":[3],"4":[23],"5":[5],"6":[59]},"fnMap":{"0":{"name":"<instance_members_initializer>","decl":{"start":{"line":15,"column":2},"end":{"line":58,"column":1}},"loc":{"start":{"line":15,"column":2},"end":{"line":58,"column":1}},"line":15},"1":{"name":"componentDidUpdate","decl":{"start":{"line":20,"column":2},"end":{"line":24,"column":3}},"loc":{"start":{"line":20,"column":2},"end":{"line":24,"column":3}},"line":20},"2":{"name":"handleChange","decl":{"start":{"line":25,"column":17},"end":{"line":27,"column":4}},"loc":{"start":{"line":25,"column":17},"end":{"line":27,"column":4}},"line":25},"3":{"name":"handleSearch","decl":{"start":{"line":29,"column":17},"end":{"line":33,"column":4}},"loc":{"start":{"line":29,"column":17},"end":{"line":33,"column":4}},"line":29},"4":{"name":"render","decl":{"start":{"line":35,"column":2},"end":{"line":57,"column":3}},"loc":{"start":{"line":35,"column":2},"end":{"line":57,"column":3}},"line":35}},"f":{"0":12,"1":47,"2":23,"3":5,"4":59}}
,"/home/tanya/MY_PROJECTS/rs-react-app-2025/src/components/Spinner.tsx": {"path":"/home/tanya/MY_PROJECTS/rs-react-app-2025/src/components/Spinner.tsx","all":false,"statementMap":{"0":{"start":{"line":1,"column":0},"end":{"line":1,"column":26}},"2":{"start":{"line":3,"column":0},"end":{"line":3,"column":54}},"3":{"start":{"line":4,"column":0},"end":{"line":4,"column":12}},"4":{"start":{"line":5,"column":0},"end":{"line":5,"column":12}},"5":{"start":{"line":6,"column":0},"end":{"line":6,"column":10}},"6":{"start":{"line":7,"column":0},"end":{"line":7,"column":57}},"7":{"start":{"line":8,"column":0},"end":{"line":8,"column":29}},"9":{"start":{"line":10,"column":0},"end":{"line":10,"column":102}},"10":{"start":{"line":11,"column":0},"end":{"line":11,"column":12}},"12":{"start":{"line":13,"column":0},"end":{"line":13,"column":3}},"13":{"start":{"line":14,"column":0},"end":{"line":14,"column":1}}},"s":{"0":1,"2":1,"3":1,"4":9,"5":9,"6":9,"7":9,"9":9,"10":9,"12":9,"13":1},"branchMap":{"0":{"type":"branch","line":4,"loc":{"start":{"line":4,"column":2},"end":{"line":13,"column":3}},"locations":[{"start":{"line":4,"column":2},"end":{"line":13,"column":3}}]}},"b":{"0":[9]},"fnMap":{"0":{"name":"render","decl":{"start":{"line":4,"column":2},"end":{"line":13,"column":3}},"loc":{"start":{"line":4,"column":2},"end":{"line":13,"column":3}},"line":4}},"f":{"0":9}}
}
